2018-11-30 17:03:07.170 [main] INFO  o.s.c.c.client.ConfigServicePropertySourceLocator - Fetching config from server at: http://localhost:8888
2018-11-30 17:03:08.259 [main] WARN  o.s.c.c.client.ConfigServicePropertySourceLocator - Could not locate PropertySource: I/O error on GET request for "http://localhost:8888/application/default": Connection refused: connect; nested exception is java.net.ConnectException: Connection refused: connect
2018-11-30 17:03:08.267 [main] INFO  com.thinkit.Consumer_Ability_Service_App - No active profile set, falling back to default profiles: default
2018-11-30 17:03:08.292 [main] INFO  o.s.b.c.e.AnnotationConfigEmbeddedWebApplicationContext - Refreshing org.springframework.boot.context.embedded.AnnotationConfigEmbeddedWebApplicationContext@41e350f1: startup date [Fri Nov 30 17:03:08 CST 2018]; parent: org.springframework.context.annotation.AnnotationConfigApplicationContext@6356695f
2018-11-30 17:03:08.992 [main] INFO  o.springframework.cloud.context.scope.GenericScope - BeanFactory id=ae6a47e1-373a-33e6-b9c6-1e2d9d385065
2018-11-30 17:03:09.008 [main] INFO  o.s.b.f.a.AutowiredAnnotationBeanPostProcessor - JSR-330 'javax.inject.Inject' annotation found and supported for autowiring
2018-11-30 17:03:09.029 [main] INFO  o.s.c.s.PostProcessorRegistrationDelegate$BeanPostProcessorChecker - Bean 'com.thinkit.microservicecloud.service.IAbilityOnlineAsrService' of type [org.springframework.cloud.netflix.feign.FeignClientFactoryBean] is not eligible for getting processed by all BeanPostProcessors (for example: not eligible for auto-proxying)
2018-11-30 17:03:09.030 [main] INFO  o.s.c.s.PostProcessorRegistrationDelegate$BeanPostProcessorChecker - Bean 'com.thinkit.microservicecloud.service.IConsoleService' of type [org.springframework.cloud.netflix.feign.FeignClientFactoryBean] is not eligible for getting processed by all BeanPostProcessors (for example: not eligible for auto-proxying)
2018-11-30 17:03:09.031 [main] INFO  o.s.c.s.PostProcessorRegistrationDelegate$BeanPostProcessorChecker - Bean 'com.thinkit.microservicecloud.service.IOnlineAsrService' of type [org.springframework.cloud.netflix.feign.FeignClientFactoryBean] is not eligible for getting processed by all BeanPostProcessors (for example: not eligible for auto-proxying)
2018-11-30 17:03:09.032 [main] INFO  o.s.c.s.PostProcessorRegistrationDelegate$BeanPostProcessorChecker - Bean 'com.thinkit.microservicecloud.service.IOnlineTTSService' of type [org.springframework.cloud.netflix.feign.FeignClientFactoryBean] is not eligible for getting processed by all BeanPostProcessors (for example: not eligible for auto-proxying)
2018-11-30 17:03:09.033 [main] INFO  o.s.c.s.PostProcessorRegistrationDelegate$BeanPostProcessorChecker - Bean 'com.thinkit.microservicecloud.service.IUserLoginService' of type [org.springframework.cloud.netflix.feign.FeignClientFactoryBean] is not eligible for getting processed by all BeanPostProcessors (for example: not eligible for auto-proxying)
2018-11-30 17:03:09.034 [main] INFO  o.s.c.s.PostProcessorRegistrationDelegate$BeanPostProcessorChecker - Bean 'com.thinkit.microservicecloud.service.IVoicePrintService' of type [org.springframework.cloud.netflix.feign.FeignClientFactoryBean] is not eligible for getting processed by all BeanPostProcessors (for example: not eligible for auto-proxying)
2018-11-30 17:03:09.068 [main] INFO  o.s.c.s.PostProcessorRegistrationDelegate$BeanPostProcessorChecker - Bean 'org.springframework.cloud.netflix.metrics.MetricsInterceptorConfiguration$MetricsRestTemplateConfiguration' of type [org.springframework.cloud.netflix.metrics.MetricsInterceptorConfiguration$MetricsRestTemplateConfiguration$$EnhancerBySpringCGLIB$$731df28c] is not eligible for getting processed by all BeanPostProcessors (for example: not eligible for auto-proxying)
2018-11-30 17:03:09.078 [main] INFO  o.s.c.s.PostProcessorRegistrationDelegate$BeanPostProcessorChecker - Bean 'org.springframework.cloud.autoconfigure.ConfigurationPropertiesRebinderAutoConfiguration' of type [org.springframework.cloud.autoconfigure.ConfigurationPropertiesRebinderAutoConfiguration$$EnhancerBySpringCGLIB$$5d0b4f48] is not eligible for getting processed by all BeanPostProcessors (for example: not eligible for auto-proxying)
2018-11-30 17:03:09.351 [main] INFO  o.s.b.c.e.tomcat.TomcatEmbeddedServletContainer - Tomcat initialized with port(s): 20002 (http)
2018-11-30 17:03:09.383 [main] INFO  org.apache.catalina.core.StandardService - Starting service [Tomcat]
2018-11-30 17:03:09.383 [main] INFO  org.apache.catalina.core.StandardEngine - Starting Servlet Engine: Apache Tomcat/8.5.31
2018-11-30 17:03:09.546 [localhost-startStop-1] INFO  o.a.c.core.ContainerBase.[Tomcat].[localhost].[/] - Initializing Spring embedded WebApplicationContext
2018-11-30 17:03:09.548 [localhost-startStop-1] INFO  org.springframework.web.context.ContextLoader - Root WebApplicationContext: initialization completed in 1257 ms
2018-11-30 17:03:09.767 [localhost-startStop-1] INFO  o.s.boot.web.servlet.ServletRegistrationBean - Mapping servlet: 'dispatcherServlet' to [/]
2018-11-30 17:03:09.771 [localhost-startStop-1] INFO  o.s.boot.web.servlet.FilterRegistrationBean - Mapping filter: 'metricsFilter' to: [/*]
2018-11-30 17:03:09.771 [localhost-startStop-1] INFO  o.s.boot.web.servlet.FilterRegistrationBean - Mapping filter: 'characterEncodingFilter' to: [/*]
2018-11-30 17:03:09.771 [localhost-startStop-1] INFO  o.s.boot.web.servlet.FilterRegistrationBean - Mapping filter: 'hiddenHttpMethodFilter' to: [/*]
2018-11-30 17:03:09.771 [localhost-startStop-1] INFO  o.s.boot.web.servlet.FilterRegistrationBean - Mapping filter: 'httpPutFormContentFilter' to: [/*]
2018-11-30 17:03:09.771 [localhost-startStop-1] INFO  o.s.boot.web.servlet.FilterRegistrationBean - Mapping filter: 'requestContextFilter' to: [/*]
2018-11-30 17:03:09.772 [localhost-startStop-1] INFO  o.s.boot.web.servlet.FilterRegistrationBean - Mapping filter: 'webRequestLoggingFilter' to: [/*]
2018-11-30 17:03:09.772 [localhost-startStop-1] INFO  o.s.boot.web.servlet.FilterRegistrationBean - Mapping filter: 'applicationContextIdFilter' to: [/*]
2018-11-30 17:03:09.820 [main] INFO  o.s.c.a.AnnotationConfigApplicationContext - Refreshing org.springframework.context.annotation.AnnotationConfigApplicationContext@5e048149: startup date [Fri Nov 30 17:03:09 CST 2018]; parent: org.springframework.boot.context.embedded.AnnotationConfigEmbeddedWebApplicationContext@41e350f1
2018-11-30 17:03:09.867 [main] INFO  o.s.b.f.a.AutowiredAnnotationBeanPostProcessor - JSR-330 'javax.inject.Inject' annotation found and supported for autowiring
2018-11-30 17:03:11.636 [main] INFO  org.springframework.cloud.commons.util.InetUtils - Cannot determine local hostname
2018-11-30 17:03:11.922 [main] INFO  o.s.w.s.m.m.a.RequestMappingHandlerAdapter - Looking for @ControllerAdvice: org.springframework.boot.context.embedded.AnnotationConfigEmbeddedWebApplicationContext@41e350f1: startup date [Fri Nov 30 17:03:08 CST 2018]; parent: org.springframework.context.annotation.AnnotationConfigApplicationContext@6356695f
2018-11-30 17:03:12.010 [main] INFO  o.s.w.s.m.m.a.RequestMappingHandlerMapping - Mapped "{[/ability/asr],methods=[POST]}" onto public com.thinkit.microservicecloud.entities.ability.asr.ResponseAsrBody com.thinkit.microservicecloud.controller.Consumer_Ability_OnlineASR.asr(com.thinkit.microservicecloud.entities.ability.asr.RequestAsrBody)
2018-11-30 17:03:12.014 [main] INFO  o.s.w.s.m.m.a.RequestMappingHandlerMapping - Mapped "{[/error]}" onto public org.springframework.http.ResponseEntity<java.util.Map<java.lang.String, java.lang.Object>> org.springframework.boot.autoconfigure.web.BasicErrorController.error(javax.servlet.http.HttpServletRequest)
2018-11-30 17:03:12.014 [main] INFO  o.s.w.s.m.m.a.RequestMappingHandlerMapping - Mapped "{[/error],produces=[text/html]}" onto public org.springframework.web.servlet.ModelAndView org.springframework.boot.autoconfigure.web.BasicErrorController.errorHtml(javax.servlet.http.HttpServletRequest,javax.servlet.http.HttpServletResponse)
2018-11-30 17:03:12.043 [main] INFO  o.s.web.servlet.handler.SimpleUrlHandlerMapping - Mapped URL path [/webjars/**] onto handler of type [class org.springframework.web.servlet.resource.ResourceHttpRequestHandler]
2018-11-30 17:03:12.043 [main] INFO  o.s.web.servlet.handler.SimpleUrlHandlerMapping - Mapped URL path [/**] onto handler of type [class org.springframework.web.servlet.resource.ResourceHttpRequestHandler]
2018-11-30 17:03:12.075 [main] INFO  o.s.web.servlet.handler.SimpleUrlHandlerMapping - Mapped URL path [/**/favicon.ico] onto handler of type [class org.springframework.web.servlet.resource.ResourceHttpRequestHandler]
2018-11-30 17:03:12.503 [main] INFO  o.s.b.actuate.endpoint.mvc.EndpointHandlerMapping - Mapped "{[/env/{name:.*}],methods=[GET],produces=[application/vnd.spring-boot.actuator.v1+json || application/json]}" onto public java.lang.Object org.springframework.boot.actuate.endpoint.mvc.EnvironmentMvcEndpoint.value(java.lang.String)
2018-11-30 17:03:12.503 [main] INFO  o.s.b.actuate.endpoint.mvc.EndpointHandlerMapping - Mapped "{[/env || /env.json],methods=[GET],produces=[application/vnd.spring-boot.actuator.v1+json || application/json]}" onto public java.lang.Object org.springframework.boot.actuate.endpoint.mvc.EndpointMvcAdapter.invoke()
2018-11-30 17:03:12.505 [main] INFO  o.s.b.actuate.endpoint.mvc.EndpointHandlerMapping - Mapped "{[/loggers/{name:.*}],methods=[GET],produces=[application/vnd.spring-boot.actuator.v1+json || application/json]}" onto public java.lang.Object org.springframework.boot.actuate.endpoint.mvc.LoggersMvcEndpoint.get(java.lang.String)
2018-11-30 17:03:12.505 [main] INFO  o.s.b.actuate.endpoint.mvc.EndpointHandlerMapping - Mapped "{[/loggers/{name:.*}],methods=[POST],consumes=[application/vnd.spring-boot.actuator.v1+json || application/json],produces=[application/vnd.spring-boot.actuator.v1+json || application/json]}" onto public java.lang.Object org.springframework.boot.actuate.endpoint.mvc.LoggersMvcEndpoint.set(java.lang.String,java.util.Map<java.lang.String, java.lang.String>)
2018-11-30 17:03:12.505 [main] INFO  o.s.b.actuate.endpoint.mvc.EndpointHandlerMapping - Mapped "{[/loggers || /loggers.json],methods=[GET],produces=[application/vnd.spring-boot.actuator.v1+json || application/json]}" onto public java.lang.Object org.springframework.boot.actuate.endpoint.mvc.EndpointMvcAdapter.invoke()
2018-11-30 17:03:12.506 [main] INFO  o.s.b.actuate.endpoint.mvc.EndpointHandlerMapping - Mapped "{[/dump || /dump.json],methods=[GET],produces=[application/vnd.spring-boot.actuator.v1+json || application/json]}" onto public java.lang.Object org.springframework.boot.actuate.endpoint.mvc.EndpointMvcAdapter.invoke()
2018-11-30 17:03:12.506 [main] INFO  o.s.b.actuate.endpoint.mvc.EndpointHandlerMapping - Mapped "{[/mappings || /mappings.json],methods=[GET],produces=[application/vnd.spring-boot.actuator.v1+json || application/json]}" onto public java.lang.Object org.springframework.boot.actuate.endpoint.mvc.EndpointMvcAdapter.invoke()
2018-11-30 17:03:12.507 [main] INFO  o.s.b.actuate.endpoint.mvc.EndpointHandlerMapping - Mapped "{[/env],methods=[POST]}" onto public java.lang.Object org.springframework.cloud.context.environment.EnvironmentManagerMvcEndpoint.value(java.util.Map<java.lang.String, java.lang.String>)
2018-11-30 17:03:12.507 [main] INFO  o.s.b.actuate.endpoint.mvc.EndpointHandlerMapping - Mapped "{[/env/reset],methods=[POST]}" onto public java.util.Map<java.lang.String, java.lang.Object> org.springframework.cloud.context.environment.EnvironmentManagerMvcEndpoint.reset()
2018-11-30 17:03:12.507 [main] INFO  o.s.b.actuate.endpoint.mvc.EndpointHandlerMapping - Mapped "{[/autoconfig || /autoconfig.json],methods=[GET],produces=[application/vnd.spring-boot.actuator.v1+json || application/json]}" onto public java.lang.Object org.springframework.boot.actuate.endpoint.mvc.EndpointMvcAdapter.invoke()
2018-11-30 17:03:12.508 [main] INFO  o.s.b.actuate.endpoint.mvc.EndpointHandlerMapping - Mapped "{[/health || /health.json],methods=[GET],produces=[application/vnd.spring-boot.actuator.v1+json || application/json]}" onto public java.lang.Object org.springframework.boot.actuate.endpoint.mvc.HealthMvcEndpoint.invoke(javax.servlet.http.HttpServletRequest,java.security.Principal)
2018-11-30 17:03:12.509 [main] INFO  o.s.b.actuate.endpoint.mvc.EndpointHandlerMapping - Mapped "{[/metrics/{name:.*}],methods=[GET],produces=[application/vnd.spring-boot.actuator.v1+json || application/json]}" onto public java.lang.Object org.springframework.boot.actuate.endpoint.mvc.MetricsMvcEndpoint.value(java.lang.String)
2018-11-30 17:03:12.509 [main] INFO  o.s.b.actuate.endpoint.mvc.EndpointHandlerMapping - Mapped "{[/metrics || /metrics.json],methods=[GET],produces=[application/vnd.spring-boot.actuator.v1+json || application/json]}" onto public java.lang.Object org.springframework.boot.actuate.endpoint.mvc.EndpointMvcAdapter.invoke()
2018-11-30 17:03:12.510 [main] INFO  o.s.b.actuate.endpoint.mvc.EndpointHandlerMapping - Mapped "{[/pause || /pause.json],methods=[POST]}" onto public java.lang.Object org.springframework.cloud.endpoint.GenericPostableMvcEndpoint.invoke()
2018-11-30 17:03:12.510 [main] INFO  o.s.b.actuate.endpoint.mvc.EndpointHandlerMapping - Mapped "{[/service-registry/instance-status],methods=[GET]}" onto public org.springframework.http.ResponseEntity org.springframework.cloud.client.serviceregistry.endpoint.ServiceRegistryEndpoint.getStatus()
2018-11-30 17:03:12.510 [main] INFO  o.s.b.actuate.endpoint.mvc.EndpointHandlerMapping - Mapped "{[/service-registry/instance-status],methods=[POST]}" onto public org.springframework.http.ResponseEntity<?> org.springframework.cloud.client.serviceregistry.endpoint.ServiceRegistryEndpoint.setStatus(java.lang.String)
2018-11-30 17:03:12.510 [main] INFO  o.s.b.actuate.endpoint.mvc.EndpointHandlerMapping - Mapped "{[/info || /info.json],methods=[GET],produces=[application/vnd.spring-boot.actuator.v1+json || application/json]}" onto public java.lang.Object org.springframework.boot.actuate.endpoint.mvc.EndpointMvcAdapter.invoke()
2018-11-30 17:03:12.511 [main] INFO  o.s.b.actuate.endpoint.mvc.EndpointHandlerMapping - Mapped "{[/heapdump || /heapdump.json],methods=[GET],produces=[application/octet-stream]}" onto public void org.springframework.boot.actuate.endpoint.mvc.HeapdumpMvcEndpoint.invoke(boolean,javax.servlet.http.HttpServletRequest,javax.servlet.http.HttpServletResponse) throws java.io.IOException,javax.servlet.ServletException
2018-11-30 17:03:12.511 [main] INFO  o.s.b.actuate.endpoint.mvc.EndpointHandlerMapping - Mapped "{[/trace || /trace.json],methods=[GET],produces=[application/vnd.spring-boot.actuator.v1+json || application/json]}" onto public java.lang.Object org.springframework.boot.actuate.endpoint.mvc.EndpointMvcAdapter.invoke()
2018-11-30 17:03:12.512 [main] INFO  o.s.b.actuate.endpoint.mvc.EndpointHandlerMapping - Mapped "{[/features || /features.json],methods=[GET],produces=[application/vnd.spring-boot.actuator.v1+json || application/json]}" onto public java.lang.Object org.springframework.boot.actuate.endpoint.mvc.EndpointMvcAdapter.invoke()
2018-11-30 17:03:12.513 [main] INFO  o.s.b.actuate.endpoint.mvc.EndpointHandlerMapping - Mapped "{[/archaius || /archaius.json],methods=[GET],produces=[application/vnd.spring-boot.actuator.v1+json || application/json]}" onto public java.lang.Object org.springframework.boot.actuate.endpoint.mvc.EndpointMvcAdapter.invoke()
2018-11-30 17:03:12.513 [main] INFO  o.s.b.actuate.endpoint.mvc.EndpointHandlerMapping - Mapped "{[/resume || /resume.json],methods=[POST]}" onto public java.lang.Object org.springframework.cloud.endpoint.GenericPostableMvcEndpoint.invoke()
2018-11-30 17:03:12.514 [main] INFO  o.s.b.actuate.endpoint.mvc.EndpointHandlerMapping - Mapped "{[/beans || /beans.json],methods=[GET],produces=[application/vnd.spring-boot.actuator.v1+json || application/json]}" onto public java.lang.Object org.springframework.boot.actuate.endpoint.mvc.EndpointMvcAdapter.invoke()
2018-11-30 17:03:12.516 [main] INFO  o.s.b.actuate.endpoint.mvc.EndpointHandlerMapping - Mapped "{[/restart || /restart.json],methods=[POST]}" onto public java.lang.Object org.springframework.cloud.context.restart.RestartMvcEndpoint.invoke()
2018-11-30 17:03:12.516 [main] INFO  o.s.b.actuate.endpoint.mvc.EndpointHandlerMapping - Mapped "{[/configprops || /configprops.json],methods=[GET],produces=[application/vnd.spring-boot.actuator.v1+json || application/json]}" onto public java.lang.Object org.springframework.boot.actuate.endpoint.mvc.EndpointMvcAdapter.invoke()
2018-11-30 17:03:12.517 [main] INFO  o.s.b.actuate.endpoint.mvc.EndpointHandlerMapping - Mapped "{[/auditevents || /auditevents.json],methods=[GET],produces=[application/vnd.spring-boot.actuator.v1+json || application/json]}" onto public org.springframework.http.ResponseEntity<?> org.springframework.boot.actuate.endpoint.mvc.AuditEventsMvcEndpoint.findByPrincipalAndAfterAndType(java.lang.String,java.util.Date,java.lang.String)
2018-11-30 17:03:12.517 [main] INFO  o.s.b.actuate.endpoint.mvc.EndpointHandlerMapping - Mapped "{[/refresh || /refresh.json],methods=[POST]}" onto public java.lang.Object org.springframework.cloud.endpoint.GenericPostableMvcEndpoint.invoke()
2018-11-30 17:03:12.630 [main] WARN  o.s.c.netflix.archaius.ArchaiusAutoConfiguration - No spring.application.name found, defaulting to 'application'
2018-11-30 17:03:12.632 [main] WARN  com.netflix.config.sources.URLConfigurationSource - No URLs will be polled as dynamic configuration sources.
2018-11-30 17:03:12.632 [main] INFO  com.netflix.config.sources.URLConfigurationSource - To enable URLs as dynamic configuration sources, define System property archaius.configurationSource.additionalUrls or make config.properties available on classpath.
2018-11-30 17:03:12.636 [main] WARN  com.netflix.config.sources.URLConfigurationSource - No URLs will be polled as dynamic configuration sources.
2018-11-30 17:03:12.636 [main] INFO  com.netflix.config.sources.URLConfigurationSource - To enable URLs as dynamic configuration sources, define System property archaius.configurationSource.additionalUrls or make config.properties available on classpath.
2018-11-30 17:03:12.699 [main] INFO  o.s.jmx.export.annotation.AnnotationMBeanExporter - Registering beans for JMX exposure on startup
2018-11-30 17:03:12.706 [main] INFO  o.s.jmx.export.annotation.AnnotationMBeanExporter - Bean with name 'environmentManager' has been autodetected for JMX exposure
2018-11-30 17:03:12.710 [main] INFO  o.s.jmx.export.annotation.AnnotationMBeanExporter - Bean with name 'configurationPropertiesRebinder' has been autodetected for JMX exposure
2018-11-30 17:03:12.710 [main] INFO  o.s.jmx.export.annotation.AnnotationMBeanExporter - Bean with name 'refreshEndpoint' has been autodetected for JMX exposure
2018-11-30 17:03:12.711 [main] INFO  o.s.jmx.export.annotation.AnnotationMBeanExporter - Bean with name 'restartEndpoint' has been autodetected for JMX exposure
2018-11-30 17:03:12.711 [main] INFO  o.s.jmx.export.annotation.AnnotationMBeanExporter - Bean with name 'serviceRegistryEndpoint' has been autodetected for JMX exposure
2018-11-30 17:03:12.713 [main] INFO  o.s.jmx.export.annotation.AnnotationMBeanExporter - Bean with name 'refreshScope' has been autodetected for JMX exposure
2018-11-30 17:03:12.715 [main] INFO  o.s.jmx.export.annotation.AnnotationMBeanExporter - Located managed bean 'environmentManager': registering with JMX server as MBean [org.springframework.cloud.context.environment:name=environmentManager,type=EnvironmentManager]
2018-11-30 17:03:12.730 [main] INFO  o.s.jmx.export.annotation.AnnotationMBeanExporter - Located managed bean 'restartEndpoint': registering with JMX server as MBean [org.springframework.cloud.context.restart:name=restartEndpoint,type=RestartEndpoint]
2018-11-30 17:03:12.741 [main] INFO  o.s.jmx.export.annotation.AnnotationMBeanExporter - Located managed bean 'serviceRegistryEndpoint': registering with JMX server as MBean [org.springframework.cloud.client.serviceregistry.endpoint:name=serviceRegistryEndpoint,type=ServiceRegistryEndpoint]
2018-11-30 17:03:12.746 [main] INFO  o.s.jmx.export.annotation.AnnotationMBeanExporter - Located managed bean 'refreshScope': registering with JMX server as MBean [org.springframework.cloud.context.scope.refresh:name=refreshScope,type=RefreshScope]
2018-11-30 17:03:12.754 [main] INFO  o.s.jmx.export.annotation.AnnotationMBeanExporter - Located managed bean 'configurationPropertiesRebinder': registering with JMX server as MBean [org.springframework.cloud.context.properties:name=configurationPropertiesRebinder,context=41e350f1,type=ConfigurationPropertiesRebinder]
2018-11-30 17:03:12.758 [main] INFO  o.s.jmx.export.annotation.AnnotationMBeanExporter - Located managed bean 'refreshEndpoint': registering with JMX server as MBean [org.springframework.cloud.endpoint:name=refreshEndpoint,type=RefreshEndpoint]
2018-11-30 17:03:12.759 [main] INFO  o.s.b.actuate.endpoint.jmx.EndpointMBeanExporter - Registering beans for JMX exposure on startup
2018-11-30 17:03:12.956 [main] INFO  o.s.context.support.DefaultLifecycleProcessor - Starting beans in phase 0
2018-11-30 17:03:12.962 [main] INFO  o.s.cloud.netflix.eureka.InstanceInfoFactory - Setting initial instance status as: STARTING
2018-11-30 17:03:13.084 [main] INFO  com.netflix.discovery.DiscoveryClient - Initializing Eureka in region us-east-1
2018-11-30 17:03:13.537 [main] INFO  c.n.discovery.provider.DiscoveryJerseyProvider - Using JSON encoding codec LegacyJacksonJson
2018-11-30 17:03:13.538 [main] INFO  c.n.discovery.provider.DiscoveryJerseyProvider - Using JSON decoding codec LegacyJacksonJson
2018-11-30 17:03:13.611 [main] INFO  c.n.discovery.provider.DiscoveryJerseyProvider - Using XML encoding codec XStreamXml
2018-11-30 17:03:13.611 [main] INFO  c.n.discovery.provider.DiscoveryJerseyProvider - Using XML decoding codec XStreamXml
2018-11-30 17:03:13.771 [main] INFO  c.n.d.shared.resolver.aws.ConfigClusterResolver - Resolving eureka endpoints via configuration
2018-11-30 17:03:14.038 [main] INFO  com.netflix.discovery.DiscoveryClient - Disable delta property : false
2018-11-30 17:03:14.038 [main] INFO  com.netflix.discovery.DiscoveryClient - Single vip registry refresh property : null
2018-11-30 17:03:14.038 [main] INFO  com.netflix.discovery.DiscoveryClient - Force full registry fetch : false
2018-11-30 17:03:14.038 [main] INFO  com.netflix.discovery.DiscoveryClient - Application is null : false
2018-11-30 17:03:14.038 [main] INFO  com.netflix.discovery.DiscoveryClient - Registered Applications size is zero : true
2018-11-30 17:03:14.038 [main] INFO  com.netflix.discovery.DiscoveryClient - Application version is -1: true
2018-11-30 17:03:14.038 [main] INFO  com.netflix.discovery.DiscoveryClient - Getting all instance registry info from the eureka server
2018-11-30 17:03:14.148 [main] INFO  com.netflix.discovery.DiscoveryClient - The response status is 200
2018-11-30 17:03:14.148 [main] INFO  com.netflix.discovery.DiscoveryClient - Not registering with Eureka server per configuration
2018-11-30 17:03:14.150 [main] INFO  com.netflix.discovery.DiscoveryClient - Discovery Client initialized at timestamp 1543568594150 with initial instances count: 1
2018-11-30 17:03:14.165 [main] INFO  o.s.c.n.e.serviceregistry.EurekaServiceRegistry - Registering application unknown with eureka with status UP
2018-11-30 17:03:14.168 [main] INFO  o.s.b.actuate.endpoint.jmx.EndpointMBeanExporter - Located managed bean 'auditEventsEndpoint': registering with JMX server as MBean [org.springframework.boot:type=Endpoint,name=auditEventsEndpoint]
2018-11-30 17:03:14.172 [main] INFO  o.s.b.actuate.endpoint.jmx.EndpointMBeanExporter - Located managed bean 'featuresEndpoint': registering with JMX server as MBean [org.springframework.boot:type=Endpoint,name=featuresEndpoint]
2018-11-30 17:03:14.178 [main] INFO  o.s.b.actuate.endpoint.jmx.EndpointMBeanExporter - Located managed bean 'requestMappingEndpoint': registering with JMX server as MBean [org.springframework.boot:type=Endpoint,name=requestMappingEndpoint]
2018-11-30 17:03:14.180 [main] INFO  o.s.b.actuate.endpoint.jmx.EndpointMBeanExporter - Located managed bean 'environmentEndpoint': registering with JMX server as MBean [org.springframework.boot:type=Endpoint,name=environmentEndpoint]
2018-11-30 17:03:14.182 [main] INFO  o.s.b.actuate.endpoint.jmx.EndpointMBeanExporter - Located managed bean 'healthEndpoint': registering with JMX server as MBean [org.springframework.boot:type=Endpoint,name=healthEndpoint]
2018-11-30 17:03:14.183 [main] INFO  o.s.b.actuate.endpoint.jmx.EndpointMBeanExporter - Located managed bean 'beansEndpoint': registering with JMX server as MBean [org.springframework.boot:type=Endpoint,name=beansEndpoint]
2018-11-30 17:03:14.185 [main] INFO  o.s.b.actuate.endpoint.jmx.EndpointMBeanExporter - Located managed bean 'infoEndpoint': registering with JMX server as MBean [org.springframework.boot:type=Endpoint,name=infoEndpoint]
2018-11-30 17:03:14.187 [main] INFO  o.s.b.actuate.endpoint.jmx.EndpointMBeanExporter - Located managed bean 'loggersEndpoint': registering with JMX server as MBean [org.springframework.boot:type=Endpoint,name=loggersEndpoint]
2018-11-30 17:03:14.191 [main] INFO  o.s.b.actuate.endpoint.jmx.EndpointMBeanExporter - Located managed bean 'metricsEndpoint': registering with JMX server as MBean [org.springframework.boot:type=Endpoint,name=metricsEndpoint]
2018-11-30 17:03:14.192 [main] INFO  o.s.b.actuate.endpoint.jmx.EndpointMBeanExporter - Located managed bean 'traceEndpoint': registering with JMX server as MBean [org.springframework.boot:type=Endpoint,name=traceEndpoint]
2018-11-30 17:03:14.194 [main] INFO  o.s.b.actuate.endpoint.jmx.EndpointMBeanExporter - Located managed bean 'dumpEndpoint': registering with JMX server as MBean [org.springframework.boot:type=Endpoint,name=dumpEndpoint]
2018-11-30 17:03:14.195 [main] INFO  o.s.b.actuate.endpoint.jmx.EndpointMBeanExporter - Located managed bean 'autoConfigurationReportEndpoint': registering with JMX server as MBean [org.springframework.boot:type=Endpoint,name=autoConfigurationReportEndpoint]
2018-11-30 17:03:14.197 [main] INFO  o.s.b.actuate.endpoint.jmx.EndpointMBeanExporter - Located managed bean 'configurationPropertiesReportEndpoint': registering with JMX server as MBean [org.springframework.boot:type=Endpoint,name=configurationPropertiesReportEndpoint]
2018-11-30 17:03:14.199 [main] INFO  o.s.b.actuate.endpoint.jmx.EndpointMBeanExporter - Located managed bean 'archaiusEndpoint': registering with JMX server as MBean [org.springframework.boot:type=Endpoint,name=archaiusEndpoint]
2018-11-30 17:03:14.254 [main] INFO  o.s.b.c.e.tomcat.TomcatEmbeddedServletContainer - Tomcat started on port(s): 20002 (http)
2018-11-30 17:03:14.255 [main] INFO  o.s.c.n.e.s.EurekaAutoServiceRegistration - Updating port to 20002
2018-11-30 17:03:14.258 [main] INFO  com.thinkit.Consumer_Ability_Service_App - Started Consumer_Ability_Service_App in 11.748 seconds (JVM running for 12.945)
2018-11-30 17:03:16.462 [RMI TCP Connection(2)-127.0.0.1] INFO  o.s.c.c.client.ConfigServicePropertySourceLocator - Fetching config from server at: http://localhost:8888
2018-11-30 17:03:17.491 [RMI TCP Connection(2)-127.0.0.1] WARN  o.s.c.c.client.ConfigServicePropertySourceLocator - Could not locate PropertySource: I/O error on GET request for "http://localhost:8888/application/default": Connection refused: connect; nested exception is java.net.ConnectException: Connection refused: connect
2018-11-30 17:03:34.858 [http-nio-20002-exec-1] INFO  o.a.c.core.ContainerBase.[Tomcat].[localhost].[/] - Initializing Spring FrameworkServlet 'dispatcherServlet'
2018-11-30 17:03:34.858 [http-nio-20002-exec-1] INFO  org.springframework.web.servlet.DispatcherServlet - FrameworkServlet 'dispatcherServlet': initialization started
2018-11-30 17:03:34.875 [http-nio-20002-exec-1] INFO  org.springframework.web.servlet.DispatcherServlet - FrameworkServlet 'dispatcherServlet': initialization completed in 17 ms
2018-11-30 17:03:34.966 [http-nio-20002-exec-1] INFO  o.s.c.a.AnnotationConfigApplicationContext - Refreshing org.springframework.context.annotation.AnnotationConfigApplicationContext@eb2cee9: startup date [Fri Nov 30 17:03:34 CST 2018]; parent: org.springframework.boot.context.embedded.AnnotationConfigEmbeddedWebApplicationContext@41e350f1
2018-11-30 17:03:35.004 [http-nio-20002-exec-1] INFO  o.s.b.f.a.AutowiredAnnotationBeanPostProcessor - JSR-330 'javax.inject.Inject' annotation found and supported for autowiring
2018-11-30 17:03:35.229 [http-nio-20002-exec-1] INFO  com.netflix.config.ChainedDynamicProperty - Flipping property: MICROSERVICECLOUD-ABILITY-ONLINEASR.ribbon.ActiveConnectionsLimit to use NEXT property: niws.loadbalancer.availabilityFilteringRule.activeConnectionsLimit = 2147483647
2018-11-30 17:03:35.245 [http-nio-20002-exec-1] INFO  com.netflix.util.concurrent.ShutdownEnabledTimer - Shutdown hook installed for: NFLoadBalancer-PingTimer-MICROSERVICECLOUD-ABILITY-ONLINEASR
2018-11-30 17:03:35.262 [http-nio-20002-exec-1] INFO  com.netflix.loadbalancer.BaseLoadBalancer - Client: MICROSERVICECLOUD-ABILITY-ONLINEASR instantiated a LoadBalancer: DynamicServerListLoadBalancer:{NFLoadBalancer:name=MICROSERVICECLOUD-ABILITY-ONLINEASR,current list of Servers=[],Load balancer stats=Zone stats: {},Server stats: []}ServerList:null
2018-11-30 17:03:35.277 [http-nio-20002-exec-1] INFO  c.n.loadbalancer.DynamicServerListLoadBalancer - Using serverListUpdater PollingServerListUpdater
2018-11-30 17:03:35.316 [http-nio-20002-exec-1] INFO  com.netflix.config.ChainedDynamicProperty - Flipping property: MICROSERVICECLOUD-ABILITY-ONLINEASR.ribbon.ActiveConnectionsLimit to use NEXT property: niws.loadbalancer.availabilityFilteringRule.activeConnectionsLimit = 2147483647
2018-11-30 17:03:35.317 [http-nio-20002-exec-1] INFO  c.n.loadbalancer.DynamicServerListLoadBalancer - DynamicServerListLoadBalancer for client MICROSERVICECLOUD-ABILITY-ONLINEASR initialized: DynamicServerListLoadBalancer:{NFLoadBalancer:name=MICROSERVICECLOUD-ABILITY-ONLINEASR,current list of Servers=[192.168.191.1:19007],Load balancer stats=Zone stats: {defaultzone=[Zone:defaultzone;	Instance count:1;	Active connections count: 0;	Circuit breaker tripped count: 0;	Active connections per server: 0.0;]
},Server stats: [[Server:192.168.191.1:19007;	Zone:defaultZone;	Total Requests:0;	Successive connection failure:0;	Total blackout seconds:0;	Last connection made:Thu Jan 01 08:00:00 CST 1970;	First connection made: Thu Jan 01 08:00:00 CST 1970;	Active Connections:0;	total failure count in last (1000) msecs:0;	average resp time:0.0;	90 percentile resp time:0.0;	95 percentile resp time:0.0;	min resp time:0.0;	max resp time:0.0;	stddev resp time:0.0]
]}ServerList:org.springframework.cloud.netflix.ribbon.eureka.DomainExtractingServerList@302dc6a9
2018-11-30 17:03:36.280 [PollingServerListUpdater-0] INFO  com.netflix.config.ChainedDynamicProperty - Flipping property: MICROSERVICECLOUD-ABILITY-ONLINEASR.ribbon.ActiveConnectionsLimit to use NEXT property: niws.loadbalancer.availabilityFilteringRule.activeConnectionsLimit = 2147483647
2018-11-30 17:08:14.040 [AsyncResolver-bootstrap-executor-0] INFO  c.n.d.shared.resolver.aws.ConfigClusterResolver - Resolving eureka endpoints via configuration
2018-11-30 17:13:14.046 [AsyncResolver-bootstrap-executor-0] INFO  c.n.d.shared.resolver.aws.ConfigClusterResolver - Resolving eureka endpoints via configuration
2018-11-30 17:18:14.048 [AsyncResolver-bootstrap-executor-0] INFO  c.n.d.shared.resolver.aws.ConfigClusterResolver - Resolving eureka endpoints via configuration
2018-11-30 17:23:14.049 [AsyncResolver-bootstrap-executor-0] INFO  c.n.d.shared.resolver.aws.ConfigClusterResolver - Resolving eureka endpoints via configuration
