2019-01-02 18:35:38.868 [main] INFO  o.s.c.c.client.ConfigServicePropertySourceLocator - Fetching config from server at: http://localhost:8888
2019-01-02 18:35:40.132 [main] WARN  o.s.c.c.client.ConfigServicePropertySourceLocator - Could not locate PropertySource: I/O error on GET request for "http://localhost:8888/microservicecloud-voiceprint/default": Connection refused: connect; nested exception is java.net.ConnectException: Connection refused: connect
2019-01-02 18:35:40.135 [main] INFO  com.thinkit.VoicePrint_privoder_App - No active profile set, falling back to default profiles: default
2019-01-02 18:35:40.149 [main] INFO  o.s.b.c.e.AnnotationConfigEmbeddedWebApplicationContext - Refreshing org.springframework.boot.context.embedded.AnnotationConfigEmbeddedWebApplicationContext@42a9e5d1: startup date [Wed Jan 02 18:35:40 CST 2019]; parent: org.springframework.context.annotation.AnnotationConfigApplicationContext@28701274
2019-01-02 18:35:41.101 [main] INFO  o.springframework.cloud.context.scope.GenericScope - BeanFactory id=6bd00464-f8ed-36a8-8cf6-28f2146cb393
2019-01-02 18:35:41.114 [main] INFO  o.s.b.f.a.AutowiredAnnotationBeanPostProcessor - JSR-330 'javax.inject.Inject' annotation found and supported for autowiring
2019-01-02 18:35:41.164 [main] INFO  o.s.c.s.PostProcessorRegistrationDelegate$BeanPostProcessorChecker - Bean 'org.springframework.cloud.autoconfigure.ConfigurationPropertiesRebinderAutoConfiguration' of type [org.springframework.cloud.autoconfigure.ConfigurationPropertiesRebinderAutoConfiguration$$EnhancerBySpringCGLIB$$6c1e8505] is not eligible for getting processed by all BeanPostProcessors (for example: not eligible for auto-proxying)
2019-01-02 18:35:41.278 [main] INFO  org.eclipse.jetty.util.log - Logging initialized @8420ms to org.eclipse.jetty.util.log.Slf4jLog
2019-01-02 18:35:41.378 [main] INFO  o.s.b.c.e.j.JettyEmbeddedServletContainerFactory - Server initialized with port: 19002
2019-01-02 18:35:41.380 [main] INFO  org.eclipse.jetty.server.Server - jetty-9.4.11.v20180605; built: 2018-06-05T18:24:03.829Z; git: d5fc0523cfa96bfebfbda19606cad384d772f04c; jvm 1.8.0_161-b12
2019-01-02 18:35:41.481 [main] INFO  org.eclipse.jetty.server.session - DefaultSessionIdManager workerName=node0
2019-01-02 18:35:41.482 [main] INFO  org.eclipse.jetty.server.session - No SessionScavenger set, using defaults
2019-01-02 18:35:41.483 [main] INFO  org.eclipse.jetty.server.session - node0 Scavenging every 660000ms
2019-01-02 18:35:41.488 [main] INFO  o.e.j.server.handler.ContextHandler.application - Initializing Spring embedded WebApplicationContext
2019-01-02 18:35:41.489 [main] INFO  org.springframework.web.context.ContextLoader - Root WebApplicationContext: initialization completed in 1340 ms
2019-01-02 18:35:41.598 [main] INFO  o.s.boot.web.servlet.ServletRegistrationBean - Mapping servlet: 'dispatcherServlet' to [/]
2019-01-02 18:35:41.601 [main] INFO  o.s.boot.web.servlet.FilterRegistrationBean - Mapping filter: 'characterEncodingFilter' to: [/*]
2019-01-02 18:35:41.601 [main] INFO  o.s.boot.web.servlet.FilterRegistrationBean - Mapping filter: 'hiddenHttpMethodFilter' to: [/*]
2019-01-02 18:35:41.601 [main] INFO  o.s.boot.web.servlet.FilterRegistrationBean - Mapping filter: 'httpPutFormContentFilter' to: [/*]
2019-01-02 18:35:41.601 [main] INFO  o.s.boot.web.servlet.FilterRegistrationBean - Mapping filter: 'requestContextFilter' to: [/*]
2019-01-02 18:35:41.602 [main] INFO  o.s.boot.web.servlet.FilterRegistrationBean - Mapping filter: 'corsFilter' to: [/*]
2019-01-02 18:35:41.605 [main] INFO  org.eclipse.jetty.server.handler.ContextHandler - Started o.s.b.c.e.j.JettyEmbeddedWebAppContext@1d75e7af{application,/,[file:///C:/Users/mike/AppData/Local/Temp/jetty-docbase.1505038591744496416.19002/],AVAILABLE}
2019-01-02 18:35:41.606 [main] INFO  org.eclipse.jetty.server.Server - Started @8748ms
2019-01-02 18:35:43.186 [main] INFO  org.springframework.cloud.commons.util.InetUtils - Cannot determine local hostname
2019-01-02 18:35:43.503 [main] INFO  o.s.w.s.m.m.a.RequestMappingHandlerAdapter - Looking for @ControllerAdvice: org.springframework.boot.context.embedded.AnnotationConfigEmbeddedWebApplicationContext@42a9e5d1: startup date [Wed Jan 02 18:35:40 CST 2019]; parent: org.springframework.context.annotation.AnnotationConfigApplicationContext@28701274
2019-01-02 18:35:43.556 [main] INFO  o.s.w.s.m.m.a.RequestMappingHandlerMapping - Mapped "{[/voiceprint/rec],methods=[POST]}" onto public com.thinkit.microservicecloud.entities.voiceprint.VoiceResult com.thinkit.microservicecloud.controller.VoicePrintController.add(com.thinkit.microservicecloud.entities.voiceprint.VoiceUser)
2019-01-02 18:35:43.557 [main] INFO  o.s.w.s.m.m.a.RequestMappingHandlerMapping - Mapped "{[/voiceprint/rec_php],methods=[POST]}" onto public com.thinkit.microservicecloud.entities.voiceprint.VoiceResult com.thinkit.microservicecloud.controller.VP_controller.add(com.thinkit.microservicecloud.entities.voiceprint.VoiceUser)
2019-01-02 18:35:43.560 [main] INFO  o.s.w.s.m.m.a.RequestMappingHandlerMapping - Mapped "{[/error]}" onto public org.springframework.http.ResponseEntity<java.util.Map<java.lang.String, java.lang.Object>> org.springframework.boot.autoconfigure.web.BasicErrorController.error(javax.servlet.http.HttpServletRequest)
2019-01-02 18:35:43.560 [main] INFO  o.s.w.s.m.m.a.RequestMappingHandlerMapping - Mapped "{[/error],produces=[text/html]}" onto public org.springframework.web.servlet.ModelAndView org.springframework.boot.autoconfigure.web.BasicErrorController.errorHtml(javax.servlet.http.HttpServletRequest,javax.servlet.http.HttpServletResponse)
2019-01-02 18:35:43.591 [main] INFO  o.s.web.servlet.handler.SimpleUrlHandlerMapping - Mapped URL path [/webjars/**] onto handler of type [class org.springframework.web.servlet.resource.ResourceHttpRequestHandler]
2019-01-02 18:35:43.591 [main] INFO  o.s.web.servlet.handler.SimpleUrlHandlerMapping - Mapped URL path [/**] onto handler of type [class org.springframework.web.servlet.resource.ResourceHttpRequestHandler]
2019-01-02 18:35:43.626 [main] INFO  o.s.web.servlet.handler.SimpleUrlHandlerMapping - Mapped URL path [/**/favicon.ico] onto handler of type [class org.springframework.web.servlet.resource.ResourceHttpRequestHandler]
2019-01-02 18:35:43.996 [main] WARN  com.netflix.config.sources.URLConfigurationSource - No URLs will be polled as dynamic configuration sources.
2019-01-02 18:35:43.997 [main] INFO  com.netflix.config.sources.URLConfigurationSource - To enable URLs as dynamic configuration sources, define System property archaius.configurationSource.additionalUrls or make config.properties available on classpath.
2019-01-02 18:35:44.001 [main] WARN  com.netflix.config.sources.URLConfigurationSource - No URLs will be polled as dynamic configuration sources.
2019-01-02 18:35:44.002 [main] INFO  com.netflix.config.sources.URLConfigurationSource - To enable URLs as dynamic configuration sources, define System property archaius.configurationSource.additionalUrls or make config.properties available on classpath.
2019-01-02 18:35:44.083 [main] INFO  o.s.jmx.export.annotation.AnnotationMBeanExporter - Registering beans for JMX exposure on startup
2019-01-02 18:35:44.089 [main] INFO  o.s.jmx.export.annotation.AnnotationMBeanExporter - Bean with name 'environmentManager' has been autodetected for JMX exposure
2019-01-02 18:35:44.090 [main] INFO  o.s.jmx.export.annotation.AnnotationMBeanExporter - Bean with name 'configurationPropertiesRebinder' has been autodetected for JMX exposure
2019-01-02 18:35:44.091 [main] INFO  o.s.jmx.export.annotation.AnnotationMBeanExporter - Bean with name 'refreshScope' has been autodetected for JMX exposure
2019-01-02 18:35:44.093 [main] INFO  o.s.jmx.export.annotation.AnnotationMBeanExporter - Located managed bean 'environmentManager': registering with JMX server as MBean [org.springframework.cloud.context.environment:name=environmentManager,type=EnvironmentManager]
2019-01-02 18:35:44.105 [main] INFO  o.s.jmx.export.annotation.AnnotationMBeanExporter - Located managed bean 'refreshScope': registering with JMX server as MBean [org.springframework.cloud.context.scope.refresh:name=refreshScope,type=RefreshScope]
2019-01-02 18:35:44.114 [main] INFO  o.s.jmx.export.annotation.AnnotationMBeanExporter - Located managed bean 'configurationPropertiesRebinder': registering with JMX server as MBean [org.springframework.cloud.context.properties:name=configurationPropertiesRebinder,context=42a9e5d1,type=ConfigurationPropertiesRebinder]
2019-01-02 18:35:44.241 [main] INFO  o.s.context.support.DefaultLifecycleProcessor - Starting beans in phase 0
2019-01-02 18:35:44.248 [main] INFO  o.s.cloud.netflix.eureka.InstanceInfoFactory - Setting initial instance status as: STARTING
2019-01-02 18:35:44.291 [main] INFO  com.netflix.discovery.DiscoveryClient - Initializing Eureka in region us-east-1
2019-01-02 18:35:45.253 [main] INFO  c.n.discovery.provider.DiscoveryJerseyProvider - Using JSON encoding codec LegacyJacksonJson
2019-01-02 18:35:45.254 [main] INFO  c.n.discovery.provider.DiscoveryJerseyProvider - Using JSON decoding codec LegacyJacksonJson
2019-01-02 18:35:45.447 [main] INFO  c.n.discovery.provider.DiscoveryJerseyProvider - Using XML encoding codec XStreamXml
2019-01-02 18:35:45.448 [main] INFO  c.n.discovery.provider.DiscoveryJerseyProvider - Using XML decoding codec XStreamXml
2019-01-02 18:35:47.571 [main] INFO  c.n.d.shared.resolver.aws.ConfigClusterResolver - Resolving eureka endpoints via configuration
2019-01-02 18:35:47.888 [main] INFO  com.netflix.discovery.DiscoveryClient - Disable delta property : false
2019-01-02 18:35:47.888 [main] INFO  com.netflix.discovery.DiscoveryClient - Single vip registry refresh property : null
2019-01-02 18:35:47.888 [main] INFO  com.netflix.discovery.DiscoveryClient - Force full registry fetch : false
2019-01-02 18:35:47.888 [main] INFO  com.netflix.discovery.DiscoveryClient - Application is null : false
2019-01-02 18:35:47.888 [main] INFO  com.netflix.discovery.DiscoveryClient - Registered Applications size is zero : true
2019-01-02 18:35:47.889 [main] INFO  com.netflix.discovery.DiscoveryClient - Application version is -1: true
2019-01-02 18:35:47.889 [main] INFO  com.netflix.discovery.DiscoveryClient - Getting all instance registry info from the eureka server
2019-01-02 18:35:48.365 [main] INFO  com.netflix.discovery.DiscoveryClient - The response status is 200
2019-01-02 18:35:48.366 [main] INFO  com.netflix.discovery.DiscoveryClient - Starting heartbeat executor: renew interval is: 30
2019-01-02 18:35:48.368 [main] INFO  com.netflix.discovery.InstanceInfoReplicator - InstanceInfoReplicator onDemand update allowed rate per min is 4
2019-01-02 18:35:48.371 [main] INFO  com.netflix.discovery.DiscoveryClient - Discovery Client initialized at timestamp 1546425348371 with initial instances count: 0
2019-01-02 18:35:48.389 [main] INFO  o.s.c.n.e.serviceregistry.EurekaServiceRegistry - Registering application microservicecloud-voiceprint with eureka with status UP
2019-01-02 18:35:48.390 [main] INFO  com.netflix.discovery.DiscoveryClient - Saw local status change event StatusChangeEvent [timestamp=1546425348390, current=UP, previous=STARTING]
2019-01-02 18:35:48.392 [DiscoveryClient-InstanceInfoReplicator-0] INFO  com.netflix.discovery.DiscoveryClient - DiscoveryClient_MICROSERVICECLOUD-VOICEPRINT/microservicecloud-provider-voiceprint-p19002: registering service...
2019-01-02 18:35:48.414 [main] INFO  o.e.j.server.handler.ContextHandler.application - Initializing Spring FrameworkServlet 'dispatcherServlet'
2019-01-02 18:35:48.414 [main] INFO  org.springframework.web.servlet.DispatcherServlet - FrameworkServlet 'dispatcherServlet': initialization started
2019-01-02 18:35:48.430 [main] INFO  org.springframework.web.servlet.DispatcherServlet - FrameworkServlet 'dispatcherServlet': initialization completed in 16 ms
2019-01-02 18:35:48.465 [main] INFO  org.eclipse.jetty.server.AbstractConnector - Started ServerConnector@4fc142ec{HTTP/1.1,[http/1.1]}{0.0.0.0:19002}
2019-01-02 18:35:48.468 [main] INFO  o.s.b.c.e.jetty.JettyEmbeddedServletContainer - Jetty started on port(s) 19002 (http/1.1)
2019-01-02 18:35:48.469 [main] INFO  o.s.c.n.e.s.EurekaAutoServiceRegistration - Updating port to 19002
2019-01-02 18:35:48.472 [main] INFO  com.thinkit.VoicePrint_privoder_App - Started VoicePrint_privoder_App in 14.055 seconds (JVM running for 15.614)
2019-01-02 18:35:48.698 [DiscoveryClient-InstanceInfoReplicator-0] INFO  com.netflix.discovery.DiscoveryClient - DiscoveryClient_MICROSERVICECLOUD-VOICEPRINT/microservicecloud-provider-voiceprint-p19002 - registration status: 204
2019-01-02 18:36:18.366 [DiscoveryClient-CacheRefreshExecutor-0] INFO  com.netflix.discovery.DiscoveryClient - Disable delta property : false
2019-01-02 18:36:18.367 [DiscoveryClient-CacheRefreshExecutor-0] INFO  com.netflix.discovery.DiscoveryClient - Single vip registry refresh property : null
2019-01-02 18:36:18.367 [DiscoveryClient-CacheRefreshExecutor-0] INFO  com.netflix.discovery.DiscoveryClient - Force full registry fetch : false
2019-01-02 18:36:18.367 [DiscoveryClient-CacheRefreshExecutor-0] INFO  com.netflix.discovery.DiscoveryClient - Application is null : false
2019-01-02 18:36:18.367 [DiscoveryClient-CacheRefreshExecutor-0] INFO  com.netflix.discovery.DiscoveryClient - Registered Applications size is zero : true
2019-01-02 18:36:18.367 [DiscoveryClient-CacheRefreshExecutor-0] INFO  com.netflix.discovery.DiscoveryClient - Application version is -1: false
2019-01-02 18:36:18.367 [DiscoveryClient-CacheRefreshExecutor-0] INFO  com.netflix.discovery.DiscoveryClient - Getting all instance registry info from the eureka server
2019-01-02 18:36:18.400 [DiscoveryClient-CacheRefreshExecutor-0] INFO  com.netflix.discovery.DiscoveryClient - The response status is 200
2019-01-02 18:40:47.893 [AsyncResolver-bootstrap-executor-0] INFO  c.n.d.shared.resolver.aws.ConfigClusterResolver - Resolving eureka endpoints via configuration
