2019-01-04 14:01:02.603 [main] INFO  o.s.c.c.client.ConfigServicePropertySourceLocator - Fetching config from server at: http://localhost:8888
2019-01-04 14:01:03.900 [main] WARN  o.s.c.c.client.ConfigServicePropertySourceLocator - Could not locate PropertySource: I/O error on GET request for "http://localhost:8888/microservicecloud-userlogin/default": Connection refused: connect; nested exception is java.net.ConnectException: Connection refused: connect
2019-01-04 14:01:03.905 [main] INFO  com.thinkit.UserLogin_Privoder_App - No active profile set, falling back to default profiles: default
2019-01-04 14:01:03.924 [main] INFO  o.s.b.c.e.AnnotationConfigEmbeddedWebApplicationContext - Refreshing org.springframework.boot.context.embedded.AnnotationConfigEmbeddedWebApplicationContext@389adf1d: startup date [Fri Jan 04 14:01:03 CST 2019]; parent: org.springframework.context.annotation.AnnotationConfigApplicationContext@510f3d34
2019-01-04 14:01:04.856 [main] INFO  o.s.d.r.config.RepositoryConfigurationDelegate - Multiple Spring Data modules found, entering strict repository configuration mode!
2019-01-04 14:01:05.043 [main] INFO  o.springframework.cloud.context.scope.GenericScope - BeanFactory id=a17324b4-f6ba-3bdc-aa8f-3be7bffa3079
2019-01-04 14:01:05.058 [main] INFO  o.s.b.f.a.AutowiredAnnotationBeanPostProcessor - JSR-330 'javax.inject.Inject' annotation found and supported for autowiring
2019-01-04 14:01:05.133 [main] INFO  o.s.c.s.PostProcessorRegistrationDelegate$BeanPostProcessorChecker - Bean 'org.springframework.transaction.annotation.ProxyTransactionManagementConfiguration' of type [org.springframework.transaction.annotation.ProxyTransactionManagementConfiguration$$EnhancerBySpringCGLIB$$2f393560] is not eligible for getting processed by all BeanPostProcessors (for example: not eligible for auto-proxying)
2019-01-04 14:01:05.160 [main] INFO  o.s.c.s.PostProcessorRegistrationDelegate$BeanPostProcessorChecker - Bean 'org.springframework.cloud.autoconfigure.ConfigurationPropertiesRebinderAutoConfiguration' of type [org.springframework.cloud.autoconfigure.ConfigurationPropertiesRebinderAutoConfiguration$$EnhancerBySpringCGLIB$$4b53385d] is not eligible for getting processed by all BeanPostProcessors (for example: not eligible for auto-proxying)
2019-01-04 14:01:05.289 [main] INFO  org.eclipse.jetty.util.log - Logging initialized @8434ms to org.eclipse.jetty.util.log.Slf4jLog
2019-01-04 14:01:05.389 [main] INFO  o.s.b.c.e.j.JettyEmbeddedServletContainerFactory - Server initialized with port: 19006
2019-01-04 14:01:05.390 [main] INFO  org.eclipse.jetty.server.Server - jetty-9.4.11.v20180605; built: 2018-06-05T18:24:03.829Z; git: d5fc0523cfa96bfebfbda19606cad384d772f04c; jvm 1.8.0_161-b12
2019-01-04 14:01:05.479 [main] INFO  org.eclipse.jetty.server.session - DefaultSessionIdManager workerName=node0
2019-01-04 14:01:05.480 [main] INFO  org.eclipse.jetty.server.session - No SessionScavenger set, using defaults
2019-01-04 14:01:05.481 [main] INFO  org.eclipse.jetty.server.session - node0 Scavenging every 660000ms
2019-01-04 14:01:05.487 [main] INFO  o.e.j.server.handler.ContextHandler.application - Initializing Spring embedded WebApplicationContext
2019-01-04 14:01:05.487 [main] INFO  org.springframework.web.context.ContextLoader - Root WebApplicationContext: initialization completed in 1563 ms
2019-01-04 14:01:05.628 [main] INFO  o.s.boot.web.servlet.ServletRegistrationBean - Mapping servlet: 'statViewServlet' to [/druid/*]
2019-01-04 14:01:05.629 [main] INFO  o.s.boot.web.servlet.ServletRegistrationBean - Mapping servlet: 'dispatcherServlet' to [/]
2019-01-04 14:01:05.630 [main] INFO  o.s.boot.web.servlet.FilterRegistrationBean - Mapping filter: 'characterEncodingFilter' to: [/*]
2019-01-04 14:01:05.630 [main] INFO  o.s.boot.web.servlet.FilterRegistrationBean - Mapping filter: 'hiddenHttpMethodFilter' to: [/*]
2019-01-04 14:01:05.631 [main] INFO  o.s.boot.web.servlet.FilterRegistrationBean - Mapping filter: 'httpPutFormContentFilter' to: [/*]
2019-01-04 14:01:05.631 [main] INFO  o.s.boot.web.servlet.FilterRegistrationBean - Mapping filter: 'requestContextFilter' to: [/*]
2019-01-04 14:01:05.631 [main] INFO  o.s.boot.web.servlet.FilterRegistrationBean - Mapping filter: 'webStatFilter' to urls: [/*]
2019-01-04 14:01:05.631 [main] INFO  o.s.boot.web.servlet.FilterRegistrationBean - Mapping filter: 'corsFilter' to: [/*]
2019-01-04 14:01:05.635 [main] INFO  org.eclipse.jetty.server.handler.ContextHandler - Started o.s.b.c.e.j.JettyEmbeddedWebAppContext@57f847af{application,/,[file:///C:/Users/mike/AppData/Local/Temp/jetty-docbase.646500971999364240.19006/],AVAILABLE}
2019-01-04 14:01:05.637 [main] INFO  org.eclipse.jetty.server.Server - Started @8782ms
2019-01-04 14:01:08.114 [main] INFO  org.springframework.cloud.commons.util.InetUtils - Cannot determine local hostname
2019-01-04 14:01:08.478 [main] INFO  o.s.w.s.m.m.a.RequestMappingHandlerAdapter - Looking for @ControllerAdvice: org.springframework.boot.context.embedded.AnnotationConfigEmbeddedWebApplicationContext@389adf1d: startup date [Fri Jan 04 14:01:03 CST 2019]; parent: org.springframework.context.annotation.AnnotationConfigApplicationContext@510f3d34
2019-01-04 14:01:08.529 [main] INFO  o.s.w.s.m.m.a.RequestMappingHandlerMapping - Mapped "{[/privoder/open/code/verification/{phone}],methods=[GET]}" onto public com.thinkit.microservicecloud.entities.userlogin.ResultInfo com.thinkit.microservicecloud.controller.CodeVerificationController.sendVerificationCode(java.lang.String)
2019-01-04 14:01:08.530 [main] INFO  o.s.w.s.m.m.a.RequestMappingHandlerMapping - Mapped "{[/privoder/user/login/forgetpassword/firstStepValidatePhoneCode],methods=[POST]}" onto public com.thinkit.microservicecloud.entities.userlogin.ResultInfo com.thinkit.microservicecloud.controller.ForgetPasswordController.firstStepValidatePhoneCode(com.thinkit.microservicecloud.entities.userlogin.PhoneCode)
2019-01-04 14:01:08.530 [main] INFO  o.s.w.s.m.m.a.RequestMappingHandlerMapping - Mapped "{[/privoder/user/login/forgetpassword/secondStepValidatePhoneCode],methods=[POST]}" onto public com.thinkit.microservicecloud.entities.userlogin.ResultInfo com.thinkit.microservicecloud.controller.ForgetPasswordController.secondStepValidatePhoneCode(com.thinkit.microservicecloud.entities.userlogin.PhonePassword)
2019-01-04 14:01:08.531 [main] INFO  o.s.w.s.m.m.a.RequestMappingHandlerMapping - Mapped "{[/privoder/userRegister],methods=[POST]}" onto public com.thinkit.microservicecloud.entities.userlogin.ResultInfo com.thinkit.microservicecloud.controller.UserLoginController.register(com.thinkit.microservicecloud.entities.userlogin.UserRegister)
2019-01-04 14:01:08.531 [main] INFO  o.s.w.s.m.m.a.RequestMappingHandlerMapping - Mapped "{[/privoder/userLogin],methods=[POST]}" onto public com.thinkit.microservicecloud.entities.userlogin.ResultInfo com.thinkit.microservicecloud.controller.UserLoginController.userLogin(com.thinkit.microservicecloud.entities.userlogin.UserLogin)
2019-01-04 14:01:08.531 [main] INFO  o.s.w.s.m.m.a.RequestMappingHandlerMapping - Mapped "{[/privoder/userPhoneLogin],methods=[POST]}" onto public com.thinkit.microservicecloud.entities.userlogin.ResultInfo com.thinkit.microservicecloud.controller.UserLoginController.userPhoneLogin(com.thinkit.microservicecloud.entities.userlogin.PhoneCode)
2019-01-04 14:01:08.531 [main] INFO  o.s.w.s.m.m.a.RequestMappingHandlerMapping - Mapped "{[/privoder/userloginOut/{session}],methods=[GET]}" onto public com.thinkit.microservicecloud.entities.userlogin.ResultInfo com.thinkit.microservicecloud.controller.UserLoginController.loginOut(java.lang.String)
2019-01-04 14:01:08.532 [main] INFO  o.s.w.s.m.m.a.RequestMappingHandlerMapping - Mapped "{[/privoder/userinfo/username/{username}],methods=[GET]}" onto public com.thinkit.microservicecloud.entities.userlogin.ResultInfo com.thinkit.microservicecloud.controller.UserValidationController.validateUserName(java.lang.String)
2019-01-04 14:01:08.532 [main] INFO  o.s.w.s.m.m.a.RequestMappingHandlerMapping - Mapped "{[/privoder/userinfo/phone/{phone}],methods=[GET]}" onto public com.thinkit.microservicecloud.entities.userlogin.ResultInfo com.thinkit.microservicecloud.controller.UserValidationController.validatePhone(java.lang.String)
2019-01-04 14:01:08.532 [main] INFO  o.s.w.s.m.m.a.RequestMappingHandlerMapping - Mapped "{[/privoder/userinfo/email],methods=[POST]}" onto public com.thinkit.microservicecloud.entities.userlogin.ResultInfo com.thinkit.microservicecloud.controller.UserValidationController.validateEmail(com.thinkit.microservicecloud.entities.userlogin.EmailValidate)
2019-01-04 14:01:08.534 [main] INFO  o.s.w.s.m.m.a.RequestMappingHandlerMapping - Mapped "{[/error]}" onto public org.springframework.http.ResponseEntity<java.util.Map<java.lang.String, java.lang.Object>> org.springframework.boot.autoconfigure.web.BasicErrorController.error(javax.servlet.http.HttpServletRequest)
2019-01-04 14:01:08.535 [main] INFO  o.s.w.s.m.m.a.RequestMappingHandlerMapping - Mapped "{[/error],produces=[text/html]}" onto public org.springframework.web.servlet.ModelAndView org.springframework.boot.autoconfigure.web.BasicErrorController.errorHtml(javax.servlet.http.HttpServletRequest,javax.servlet.http.HttpServletResponse)
2019-01-04 14:01:08.564 [main] INFO  o.s.web.servlet.handler.SimpleUrlHandlerMapping - Mapped URL path [/webjars/**] onto handler of type [class org.springframework.web.servlet.resource.ResourceHttpRequestHandler]
2019-01-04 14:01:08.564 [main] INFO  o.s.web.servlet.handler.SimpleUrlHandlerMapping - Mapped URL path [/**] onto handler of type [class org.springframework.web.servlet.resource.ResourceHttpRequestHandler]
2019-01-04 14:01:08.598 [main] INFO  o.s.web.servlet.handler.SimpleUrlHandlerMapping - Mapped URL path [/**/favicon.ico] onto handler of type [class org.springframework.web.servlet.resource.ResourceHttpRequestHandler]
2019-01-04 14:01:09.103 [main] WARN  com.netflix.config.sources.URLConfigurationSource - No URLs will be polled as dynamic configuration sources.
2019-01-04 14:01:09.104 [main] INFO  com.netflix.config.sources.URLConfigurationSource - To enable URLs as dynamic configuration sources, define System property archaius.configurationSource.additionalUrls or make config.properties available on classpath.
2019-01-04 14:01:09.107 [main] WARN  com.netflix.config.sources.URLConfigurationSource - No URLs will be polled as dynamic configuration sources.
2019-01-04 14:01:09.107 [main] INFO  com.netflix.config.sources.URLConfigurationSource - To enable URLs as dynamic configuration sources, define System property archaius.configurationSource.additionalUrls or make config.properties available on classpath.
2019-01-04 14:01:09.196 [main] INFO  o.s.jmx.export.annotation.AnnotationMBeanExporter - Registering beans for JMX exposure on startup
2019-01-04 14:01:09.197 [main] INFO  o.s.jmx.export.annotation.AnnotationMBeanExporter - Bean with name 'getDataSource' has been autodetected for JMX exposure
2019-01-04 14:01:09.203 [main] INFO  o.s.jmx.export.annotation.AnnotationMBeanExporter - Bean with name 'environmentManager' has been autodetected for JMX exposure
2019-01-04 14:01:09.205 [main] INFO  o.s.jmx.export.annotation.AnnotationMBeanExporter - Bean with name 'configurationPropertiesRebinder' has been autodetected for JMX exposure
2019-01-04 14:01:09.206 [main] INFO  o.s.jmx.export.annotation.AnnotationMBeanExporter - Bean with name 'refreshScope' has been autodetected for JMX exposure
2019-01-04 14:01:09.208 [main] INFO  o.s.jmx.export.annotation.AnnotationMBeanExporter - Located managed bean 'environmentManager': registering with JMX server as MBean [org.springframework.cloud.context.environment:name=environmentManager,type=EnvironmentManager]
2019-01-04 14:01:09.218 [main] INFO  o.s.jmx.export.annotation.AnnotationMBeanExporter - Located MBean 'getDataSource': registering with JMX server as MBean [com.alibaba.druid.pool:name=getDataSource,type=DruidDataSource]
2019-01-04 14:01:09.220 [main] INFO  o.s.jmx.export.annotation.AnnotationMBeanExporter - Located managed bean 'refreshScope': registering with JMX server as MBean [org.springframework.cloud.context.scope.refresh:name=refreshScope,type=RefreshScope]
2019-01-04 14:01:09.229 [main] INFO  o.s.jmx.export.annotation.AnnotationMBeanExporter - Located managed bean 'configurationPropertiesRebinder': registering with JMX server as MBean [org.springframework.cloud.context.properties:name=configurationPropertiesRebinder,context=389adf1d,type=ConfigurationPropertiesRebinder]
2019-01-04 14:01:09.626 [main] INFO  o.s.context.support.DefaultLifecycleProcessor - Starting beans in phase 0
2019-01-04 14:01:09.633 [main] INFO  o.s.cloud.netflix.eureka.InstanceInfoFactory - Setting initial instance status as: STARTING
2019-01-04 14:01:09.666 [main] INFO  com.netflix.discovery.DiscoveryClient - Initializing Eureka in region us-east-1
2019-01-04 14:01:10.088 [main] INFO  c.n.discovery.provider.DiscoveryJerseyProvider - Using JSON encoding codec LegacyJacksonJson
2019-01-04 14:01:10.089 [main] INFO  c.n.discovery.provider.DiscoveryJerseyProvider - Using JSON decoding codec LegacyJacksonJson
2019-01-04 14:01:10.164 [main] INFO  c.n.discovery.provider.DiscoveryJerseyProvider - Using XML encoding codec XStreamXml
2019-01-04 14:01:10.164 [main] INFO  c.n.discovery.provider.DiscoveryJerseyProvider - Using XML decoding codec XStreamXml
2019-01-04 14:01:10.311 [main] INFO  c.n.d.shared.resolver.aws.ConfigClusterResolver - Resolving eureka endpoints via configuration
2019-01-04 14:01:10.542 [main] INFO  com.netflix.discovery.DiscoveryClient - Disable delta property : false
2019-01-04 14:01:10.543 [main] INFO  com.netflix.discovery.DiscoveryClient - Single vip registry refresh property : null
2019-01-04 14:01:10.543 [main] INFO  com.netflix.discovery.DiscoveryClient - Force full registry fetch : false
2019-01-04 14:01:10.543 [main] INFO  com.netflix.discovery.DiscoveryClient - Application is null : false
2019-01-04 14:01:10.543 [main] INFO  com.netflix.discovery.DiscoveryClient - Registered Applications size is zero : true
2019-01-04 14:01:10.543 [main] INFO  com.netflix.discovery.DiscoveryClient - Application version is -1: true
2019-01-04 14:01:10.543 [main] INFO  com.netflix.discovery.DiscoveryClient - Getting all instance registry info from the eureka server
2019-01-04 14:01:10.759 [main] INFO  com.netflix.discovery.DiscoveryClient - The response status is 200
2019-01-04 14:01:10.760 [main] INFO  com.netflix.discovery.DiscoveryClient - Starting heartbeat executor: renew interval is: 30
2019-01-04 14:01:10.762 [main] INFO  com.netflix.discovery.InstanceInfoReplicator - InstanceInfoReplicator onDemand update allowed rate per min is 4
2019-01-04 14:01:10.764 [main] INFO  com.netflix.discovery.DiscoveryClient - Discovery Client initialized at timestamp 1546581670764 with initial instances count: 0
2019-01-04 14:01:10.780 [main] INFO  o.s.c.n.e.serviceregistry.EurekaServiceRegistry - Registering application microservicecloud-userlogin with eureka with status UP
2019-01-04 14:01:10.781 [main] INFO  com.netflix.discovery.DiscoveryClient - Saw local status change event StatusChangeEvent [timestamp=1546581670781, current=UP, previous=STARTING]
2019-01-04 14:01:10.783 [DiscoveryClient-InstanceInfoReplicator-0] INFO  com.netflix.discovery.DiscoveryClient - DiscoveryClient_MICROSERVICECLOUD-USERLOGIN/microservicecloud-provider-userlogin-p19006: registering service...
2019-01-04 14:01:10.814 [main] INFO  o.e.j.server.handler.ContextHandler.application - Initializing Spring FrameworkServlet 'dispatcherServlet'
2019-01-04 14:01:10.814 [main] INFO  org.springframework.web.servlet.DispatcherServlet - FrameworkServlet 'dispatcherServlet': initialization started
2019-01-04 14:01:10.834 [main] INFO  org.springframework.web.servlet.DispatcherServlet - FrameworkServlet 'dispatcherServlet': initialization completed in 18 ms
2019-01-04 14:01:10.866 [main] INFO  org.eclipse.jetty.server.AbstractConnector - Started ServerConnector@3ed34ef5{HTTP/1.1,[http/1.1]}{0.0.0.0:19006}
2019-01-04 14:01:10.869 [main] INFO  o.s.b.c.e.jetty.JettyEmbeddedServletContainer - Jetty started on port(s) 19006 (http/1.1)
2019-01-04 14:01:10.870 [main] INFO  o.s.c.n.e.s.EurekaAutoServiceRegistration - Updating port to 19006
2019-01-04 14:01:10.871 [DiscoveryClient-InstanceInfoReplicator-0] INFO  com.netflix.discovery.DiscoveryClient - DiscoveryClient_MICROSERVICECLOUD-USERLOGIN/microservicecloud-provider-userlogin-p19006 - registration status: 204
2019-01-04 14:01:10.872 [main] INFO  com.thinkit.UserLogin_Privoder_App - Started UserLogin_Privoder_App in 12.771 seconds (JVM running for 14.017)
2019-01-04 14:01:40.763 [DiscoveryClient-CacheRefreshExecutor-0] INFO  com.netflix.discovery.DiscoveryClient - Disable delta property : false
2019-01-04 14:01:40.764 [DiscoveryClient-CacheRefreshExecutor-0] INFO  com.netflix.discovery.DiscoveryClient - Single vip registry refresh property : null
2019-01-04 14:01:40.765 [DiscoveryClient-CacheRefreshExecutor-0] INFO  com.netflix.discovery.DiscoveryClient - Force full registry fetch : false
2019-01-04 14:01:40.765 [DiscoveryClient-CacheRefreshExecutor-0] INFO  com.netflix.discovery.DiscoveryClient - Application is null : false
2019-01-04 14:01:40.765 [DiscoveryClient-CacheRefreshExecutor-0] INFO  com.netflix.discovery.DiscoveryClient - Registered Applications size is zero : true
2019-01-04 14:01:40.766 [DiscoveryClient-CacheRefreshExecutor-0] INFO  com.netflix.discovery.DiscoveryClient - Application version is -1: false
2019-01-04 14:01:40.766 [DiscoveryClient-CacheRefreshExecutor-0] INFO  com.netflix.discovery.DiscoveryClient - Getting all instance registry info from the eureka server
2019-01-04 14:01:40.854 [DiscoveryClient-CacheRefreshExecutor-0] INFO  com.netflix.discovery.DiscoveryClient - The response status is 200
