2018-11-30 17:02:40.763 [main] INFO  o.s.c.c.client.ConfigServicePropertySourceLocator - Fetching config from server at: http://localhost:8888
2018-11-30 17:02:41.938 [main] WARN  o.s.c.c.client.ConfigServicePropertySourceLocator - Could not locate PropertySource: I/O error on GET request for "http://localhost:8888/microservicecloud-ability-onlineasr/default": Connection refused: connect; nested exception is java.net.ConnectException: Connection refused: connect
2018-11-30 17:02:41.946 [main] INFO  com.thinkit.Ability_OnlineASR - No active profile set, falling back to default profiles: default
2018-11-30 17:02:41.971 [main] INFO  o.s.b.c.e.AnnotationConfigEmbeddedWebApplicationContext - Refreshing org.springframework.boot.context.embedded.AnnotationConfigEmbeddedWebApplicationContext@5e8f9e2d: startup date [Fri Nov 30 17:02:41 CST 2018]; parent: org.springframework.context.annotation.AnnotationConfigApplicationContext@61322f9d
2018-11-30 17:02:43.525 [main] INFO  o.s.d.r.config.RepositoryConfigurationDelegate - Multiple Spring Data modules found, entering strict repository configuration mode!
2018-11-30 17:02:43.871 [main] INFO  o.springframework.cloud.context.scope.GenericScope - BeanFactory id=1d7451ec-20e3-3093-9710-87ebc15707ce
2018-11-30 17:02:43.885 [main] INFO  o.s.b.f.a.AutowiredAnnotationBeanPostProcessor - JSR-330 'javax.inject.Inject' annotation found and supported for autowiring
2018-11-30 17:02:43.980 [main] INFO  o.s.c.s.PostProcessorRegistrationDelegate$BeanPostProcessorChecker - Bean 'org.springframework.transaction.annotation.ProxyTransactionManagementConfiguration' of type [org.springframework.transaction.annotation.ProxyTransactionManagementConfiguration$$EnhancerBySpringCGLIB$$8ac9c42f] is not eligible for getting processed by all BeanPostProcessors (for example: not eligible for auto-proxying)
2018-11-30 17:02:44.032 [main] INFO  o.s.c.s.PostProcessorRegistrationDelegate$BeanPostProcessorChecker - Bean 'org.springframework.cloud.autoconfigure.ConfigurationPropertiesRebinderAutoConfiguration' of type [org.springframework.cloud.autoconfigure.ConfigurationPropertiesRebinderAutoConfiguration$$EnhancerBySpringCGLIB$$a6e3c72c] is not eligible for getting processed by all BeanPostProcessors (for example: not eligible for auto-proxying)
2018-11-30 17:02:44.232 [main] INFO  org.eclipse.jetty.util.log - Logging initialized @9979ms to org.eclipse.jetty.util.log.Slf4jLog
2018-11-30 17:02:44.446 [main] INFO  o.s.b.c.e.j.JettyEmbeddedServletContainerFactory - Server initialized with port: 19007
2018-11-30 17:02:44.448 [main] INFO  org.eclipse.jetty.server.Server - jetty-9.4.11.v20180605; built: 2018-06-05T18:24:03.829Z; git: d5fc0523cfa96bfebfbda19606cad384d772f04c; jvm 1.8.0_161-b12
2018-11-30 17:02:44.694 [main] INFO  org.eclipse.jetty.server.session - DefaultSessionIdManager workerName=node0
2018-11-30 17:02:44.695 [main] INFO  org.eclipse.jetty.server.session - No SessionScavenger set, using defaults
2018-11-30 17:02:44.699 [main] INFO  org.eclipse.jetty.server.session - node0 Scavenging every 660000ms
2018-11-30 17:02:44.707 [main] INFO  o.e.j.server.handler.ContextHandler.application - Initializing Spring embedded WebApplicationContext
2018-11-30 17:02:44.707 [main] INFO  org.springframework.web.context.ContextLoader - Root WebApplicationContext: initialization completed in 2736 ms
2018-11-30 17:02:44.858 [main] INFO  o.s.boot.web.servlet.ServletRegistrationBean - Mapping servlet: 'dispatcherServlet' to [/]
2018-11-30 17:02:44.860 [main] INFO  o.s.boot.web.servlet.FilterRegistrationBean - Mapping filter: 'characterEncodingFilter' to: [/*]
2018-11-30 17:02:44.860 [main] INFO  o.s.boot.web.servlet.FilterRegistrationBean - Mapping filter: 'hiddenHttpMethodFilter' to: [/*]
2018-11-30 17:02:44.860 [main] INFO  o.s.boot.web.servlet.FilterRegistrationBean - Mapping filter: 'httpPutFormContentFilter' to: [/*]
2018-11-30 17:02:44.860 [main] INFO  o.s.boot.web.servlet.FilterRegistrationBean - Mapping filter: 'requestContextFilter' to: [/*]
2018-11-30 17:02:44.863 [main] INFO  org.eclipse.jetty.server.handler.ContextHandler - Started o.s.b.c.e.j.JettyEmbeddedWebAppContext@6f231ced{application,/,[file:///C:/Users/mike/AppData/Local/Temp/jetty-docbase.5806577708701339595.19007/],AVAILABLE}
2018-11-30 17:02:44.864 [main] INFO  org.eclipse.jetty.server.Server - Started @10611ms
2018-11-30 17:02:47.593 [main] INFO  org.springframework.cloud.commons.util.InetUtils - Cannot determine local hostname
2018-11-30 17:02:48.188 [main] INFO  o.s.w.s.m.m.a.RequestMappingHandlerAdapter - Looking for @ControllerAdvice: org.springframework.boot.context.embedded.AnnotationConfigEmbeddedWebApplicationContext@5e8f9e2d: startup date [Fri Nov 30 17:02:41 CST 2018]; parent: org.springframework.context.annotation.AnnotationConfigApplicationContext@61322f9d
2018-11-30 17:02:48.244 [main] INFO  o.s.w.s.m.m.a.RequestMappingHandlerMapping - Mapped "{[/provider/ability/asrbak],methods=[POST]}" onto public com.thinkit.microservicecloud.entities.ability.asr.ResponseAsrBody com.thinkit.microservicecloud.controller.ASR_ability.asr(com.thinkit.microservicecloud.entities.ability.asr.RequestAsrBody)
2018-11-30 17:02:48.245 [main] INFO  o.s.w.s.m.m.a.RequestMappingHandlerMapping - Mapped "{[/provider/ability/asr],methods=[POST]}" onto public com.thinkit.microservicecloud.entities.ability.asr.ResponseAsrBody com.thinkit.microservicecloud.controller.ASR_ability_Auth.asr(com.thinkit.microservicecloud.entities.ability.asr.RequestAsrBody)
2018-11-30 17:02:48.247 [main] INFO  o.s.w.s.m.m.a.RequestMappingHandlerMapping - Mapped "{[/error]}" onto public org.springframework.http.ResponseEntity<java.util.Map<java.lang.String, java.lang.Object>> org.springframework.boot.autoconfigure.web.BasicErrorController.error(javax.servlet.http.HttpServletRequest)
2018-11-30 17:02:48.248 [main] INFO  o.s.w.s.m.m.a.RequestMappingHandlerMapping - Mapped "{[/error],produces=[text/html]}" onto public org.springframework.web.servlet.ModelAndView org.springframework.boot.autoconfigure.web.BasicErrorController.errorHtml(javax.servlet.http.HttpServletRequest,javax.servlet.http.HttpServletResponse)
2018-11-30 17:02:48.280 [main] INFO  o.s.web.servlet.handler.SimpleUrlHandlerMapping - Mapped URL path [/webjars/**] onto handler of type [class org.springframework.web.servlet.resource.ResourceHttpRequestHandler]
2018-11-30 17:02:48.281 [main] INFO  o.s.web.servlet.handler.SimpleUrlHandlerMapping - Mapped URL path [/**] onto handler of type [class org.springframework.web.servlet.resource.ResourceHttpRequestHandler]
2018-11-30 17:02:48.320 [main] INFO  o.s.web.servlet.handler.SimpleUrlHandlerMapping - Mapped URL path [/**/favicon.ico] onto handler of type [class org.springframework.web.servlet.resource.ResourceHttpRequestHandler]
2018-11-30 17:02:48.985 [main] WARN  com.netflix.config.sources.URLConfigurationSource - No URLs will be polled as dynamic configuration sources.
2018-11-30 17:02:48.986 [main] INFO  com.netflix.config.sources.URLConfigurationSource - To enable URLs as dynamic configuration sources, define System property archaius.configurationSource.additionalUrls or make config.properties available on classpath.
2018-11-30 17:02:48.989 [main] WARN  com.netflix.config.sources.URLConfigurationSource - No URLs will be polled as dynamic configuration sources.
2018-11-30 17:02:48.989 [main] INFO  com.netflix.config.sources.URLConfigurationSource - To enable URLs as dynamic configuration sources, define System property archaius.configurationSource.additionalUrls or make config.properties available on classpath.
2018-11-30 17:02:49.108 [main] INFO  o.s.jmx.export.annotation.AnnotationMBeanExporter - Registering beans for JMX exposure on startup
2018-11-30 17:02:49.109 [main] INFO  o.s.jmx.export.annotation.AnnotationMBeanExporter - Bean with name 'dataSource' has been autodetected for JMX exposure
2018-11-30 17:02:49.116 [main] INFO  o.s.jmx.export.annotation.AnnotationMBeanExporter - Bean with name 'environmentManager' has been autodetected for JMX exposure
2018-11-30 17:02:49.118 [main] INFO  o.s.jmx.export.annotation.AnnotationMBeanExporter - Bean with name 'configurationPropertiesRebinder' has been autodetected for JMX exposure
2018-11-30 17:02:49.119 [main] INFO  o.s.jmx.export.annotation.AnnotationMBeanExporter - Bean with name 'refreshScope' has been autodetected for JMX exposure
2018-11-30 17:02:49.121 [main] INFO  o.s.jmx.export.annotation.AnnotationMBeanExporter - Located managed bean 'environmentManager': registering with JMX server as MBean [org.springframework.cloud.context.environment:name=environmentManager,type=EnvironmentManager]
2018-11-30 17:02:49.133 [main] INFO  o.s.jmx.export.annotation.AnnotationMBeanExporter - Located managed bean 'refreshScope': registering with JMX server as MBean [org.springframework.cloud.context.scope.refresh:name=refreshScope,type=RefreshScope]
2018-11-30 17:02:49.145 [main] INFO  o.s.jmx.export.annotation.AnnotationMBeanExporter - Located managed bean 'configurationPropertiesRebinder': registering with JMX server as MBean [org.springframework.cloud.context.properties:name=configurationPropertiesRebinder,context=5e8f9e2d,type=ConfigurationPropertiesRebinder]
2018-11-30 17:02:49.150 [main] INFO  o.s.jmx.export.annotation.AnnotationMBeanExporter - Located MBean 'dataSource': registering with JMX server as MBean [com.alibaba.druid.pool:name=dataSource,type=DruidDataSource]
2018-11-30 17:02:49.328 [main] INFO  o.s.context.support.DefaultLifecycleProcessor - Starting beans in phase 0
2018-11-30 17:02:49.335 [main] INFO  o.s.cloud.netflix.eureka.InstanceInfoFactory - Setting initial instance status as: STARTING
2018-11-30 17:02:49.374 [main] INFO  com.netflix.discovery.DiscoveryClient - Initializing Eureka in region us-east-1
2018-11-30 17:02:49.922 [main] INFO  c.n.discovery.provider.DiscoveryJerseyProvider - Using JSON encoding codec LegacyJacksonJson
2018-11-30 17:02:49.922 [main] INFO  c.n.discovery.provider.DiscoveryJerseyProvider - Using JSON decoding codec LegacyJacksonJson
2018-11-30 17:02:50.001 [main] INFO  c.n.discovery.provider.DiscoveryJerseyProvider - Using XML encoding codec XStreamXml
2018-11-30 17:02:50.001 [main] INFO  c.n.discovery.provider.DiscoveryJerseyProvider - Using XML decoding codec XStreamXml
2018-11-30 17:02:50.321 [main] INFO  c.n.d.shared.resolver.aws.ConfigClusterResolver - Resolving eureka endpoints via configuration
2018-11-30 17:02:50.644 [main] INFO  com.netflix.discovery.DiscoveryClient - Disable delta property : false
2018-11-30 17:02:50.644 [main] INFO  com.netflix.discovery.DiscoveryClient - Single vip registry refresh property : null
2018-11-30 17:02:50.645 [main] INFO  com.netflix.discovery.DiscoveryClient - Force full registry fetch : false
2018-11-30 17:02:50.645 [main] INFO  com.netflix.discovery.DiscoveryClient - Application is null : false
2018-11-30 17:02:50.645 [main] INFO  com.netflix.discovery.DiscoveryClient - Registered Applications size is zero : true
2018-11-30 17:02:50.645 [main] INFO  com.netflix.discovery.DiscoveryClient - Application version is -1: true
2018-11-30 17:02:50.645 [main] INFO  com.netflix.discovery.DiscoveryClient - Getting all instance registry info from the eureka server
2018-11-30 17:02:51.331 [main] INFO  com.netflix.discovery.DiscoveryClient - The response status is 200
2018-11-30 17:02:51.334 [main] INFO  com.netflix.discovery.DiscoveryClient - Starting heartbeat executor: renew interval is: 30
2018-11-30 17:02:51.338 [main] INFO  com.netflix.discovery.InstanceInfoReplicator - InstanceInfoReplicator onDemand update allowed rate per min is 4
2018-11-30 17:02:51.344 [main] INFO  com.netflix.discovery.DiscoveryClient - Discovery Client initialized at timestamp 1543568571344 with initial instances count: 0
2018-11-30 17:02:51.378 [main] INFO  o.s.c.n.e.serviceregistry.EurekaServiceRegistry - Registering application microservicecloud-ability-onlineasr with eureka with status UP
2018-11-30 17:02:51.379 [main] INFO  com.netflix.discovery.DiscoveryClient - Saw local status change event StatusChangeEvent [timestamp=1543568571379, current=UP, previous=STARTING]
2018-11-30 17:02:51.381 [DiscoveryClient-InstanceInfoReplicator-0] INFO  com.netflix.discovery.DiscoveryClient - DiscoveryClient_MICROSERVICECLOUD-ABILITY-ONLINEASR/microservicecloud-ability-onlineasr-p19007: registering service...
2018-11-30 17:02:51.463 [main] INFO  o.e.j.server.handler.ContextHandler.application - Initializing Spring FrameworkServlet 'dispatcherServlet'
2018-11-30 17:02:51.463 [main] INFO  org.springframework.web.servlet.DispatcherServlet - FrameworkServlet 'dispatcherServlet': initialization started
2018-11-30 17:02:51.486 [main] INFO  org.springframework.web.servlet.DispatcherServlet - FrameworkServlet 'dispatcherServlet': initialization completed in 23 ms
2018-11-30 17:02:51.586 [main] INFO  org.eclipse.jetty.server.AbstractConnector - Started ServerConnector@35a60674{HTTP/1.1,[http/1.1]}{0.0.0.0:19007}
2018-11-30 17:02:51.593 [main] INFO  o.s.b.c.e.jetty.JettyEmbeddedServletContainer - Jetty started on port(s) 19007 (http/1.1)
2018-11-30 17:02:51.594 [main] INFO  o.s.c.n.e.s.EurekaAutoServiceRegistration - Updating port to 19007
2018-11-30 17:02:51.645 [DiscoveryClient-InstanceInfoReplicator-0] INFO  com.netflix.discovery.DiscoveryClient - DiscoveryClient_MICROSERVICECLOUD-ABILITY-ONLINEASR/microservicecloud-ability-onlineasr-p19007 - registration status: 204
2018-11-30 17:02:51.698 [main] INFO  com.alibaba.druid.pool.DruidDataSource - {dataSource-1} inited
2018-11-30 17:02:51.919 [main] INFO  com.thinkit.ApplicationRunnerConfig - 正常使用的服务，初始化加载至缓存中 redis ， hset key:24f4370b5bbd41dabd3bb7f00c246182
2018-11-30 17:02:51.922 [main] INFO  com.thinkit.ApplicationRunnerConfig - 正常使用的服务，初始化加载至缓存中 redis ， hset key:token_8781cffdd4824f37b604b63de476f413
2018-11-30 17:02:51.924 [main] INFO  com.thinkit.ApplicationRunnerConfig - 正常使用的服务，初始化加载至缓存中 redis ， hset key:token_48b0934afff8424a8d605d8f0fdd97d4
2018-11-30 17:02:51.927 [main] INFO  com.thinkit.ApplicationRunnerConfig - 正常使用的服务，初始化加载至缓存中 redis ， hset key:token_e265a8df4ae44e2bb06fda6e0692b70e
2018-11-30 17:02:51.927 [main] WARN  com.thinkit.ApplicationRunnerConfig - 该服务已过期，不再加载至缓存中；secret_key:token_c4cc4f3c9afb4509b9e792e540212906
2018-11-30 17:02:51.928 [main] WARN  com.thinkit.ApplicationRunnerConfig - 该服务已过期，不再加载至缓存中；secret_key:token_d28b63d1673e4c078fcb6d8443db42c5
2018-11-30 17:02:51.928 [main] WARN  com.thinkit.ApplicationRunnerConfig - 该服务已过期，不再加载至缓存中；secret_key:token_c3c05d6d421c470d95757d93990e24c5
2018-11-30 17:02:51.928 [main] WARN  com.thinkit.ApplicationRunnerConfig - 该服务已过期，不再加载至缓存中；secret_key:token_09d52a4da5cd4cae9e4f9ae483b9169d
2018-11-30 17:02:51.928 [main] WARN  com.thinkit.ApplicationRunnerConfig - 该服务已过期，不再加载至缓存中；secret_key:token_56d56e7b1439430f849a3756343f8b63
2018-11-30 17:02:51.928 [main] WARN  com.thinkit.ApplicationRunnerConfig - 该服务已过期，不再加载至缓存中；secret_key:token_38d7b15eb87541c5872718bbb903b539
2018-11-30 17:02:51.928 [main] WARN  com.thinkit.ApplicationRunnerConfig - 该服务已过期，不再加载至缓存中；secret_key:token_6060816638c54fc495fa56feadbcfc66
2018-11-30 17:02:51.928 [main] WARN  com.thinkit.ApplicationRunnerConfig - 该服务已过期，不再加载至缓存中；secret_key:token_e72aef42ad3647b7a2cd4ee3af35e6a9
2018-11-30 17:02:51.930 [main] INFO  com.thinkit.Ability_OnlineASR - Started Ability_OnlineASR in 16.146 seconds (JVM running for 17.677)
2018-11-30 17:03:21.335 [DiscoveryClient-CacheRefreshExecutor-0] INFO  com.netflix.discovery.DiscoveryClient - Disable delta property : false
2018-11-30 17:03:21.336 [DiscoveryClient-CacheRefreshExecutor-0] INFO  com.netflix.discovery.DiscoveryClient - Single vip registry refresh property : null
2018-11-30 17:03:21.336 [DiscoveryClient-CacheRefreshExecutor-0] INFO  com.netflix.discovery.DiscoveryClient - Force full registry fetch : false
2018-11-30 17:03:21.336 [DiscoveryClient-CacheRefreshExecutor-0] INFO  com.netflix.discovery.DiscoveryClient - Application is null : false
2018-11-30 17:03:21.336 [DiscoveryClient-CacheRefreshExecutor-0] INFO  com.netflix.discovery.DiscoveryClient - Registered Applications size is zero : true
2018-11-30 17:03:21.336 [DiscoveryClient-CacheRefreshExecutor-0] INFO  com.netflix.discovery.DiscoveryClient - Application version is -1: false
2018-11-30 17:03:21.336 [DiscoveryClient-CacheRefreshExecutor-0] INFO  com.netflix.discovery.DiscoveryClient - Getting all instance registry info from the eureka server
2018-11-30 17:03:21.437 [DiscoveryClient-CacheRefreshExecutor-0] INFO  com.netflix.discovery.DiscoveryClient - The response status is 200
2018-11-30 17:07:50.649 [AsyncResolver-bootstrap-executor-0] INFO  c.n.d.shared.resolver.aws.ConfigClusterResolver - Resolving eureka endpoints via configuration
2018-11-30 17:12:50.651 [AsyncResolver-bootstrap-executor-0] INFO  c.n.d.shared.resolver.aws.ConfigClusterResolver - Resolving eureka endpoints via configuration
2018-11-30 17:17:50.653 [AsyncResolver-bootstrap-executor-0] INFO  c.n.d.shared.resolver.aws.ConfigClusterResolver - Resolving eureka endpoints via configuration
2018-11-30 17:22:50.655 [AsyncResolver-bootstrap-executor-0] INFO  c.n.d.shared.resolver.aws.ConfigClusterResolver - Resolving eureka endpoints via configuration
